{
  "RSpec": {
    "coverage": {
      "/Users/jason/Documents/WebDevImmersive/Projects/week2/wdi_2_ruby_hw_rspec_string_analysis/lib/string_analysis.rb": [
        null,
        null,
        1,
        null,
        1,
        5,
        null,
        null,
        1,
        0,
        null,
        null,
        1,
        0,
        null,
        null,
        1,
        0,
        null,
        null,
        1,
        0,
        0,
        null,
        null,
        1,
        null,
        null,
        null,
        null,
        null,
        null,
        null,
        1,
        null,
        null,
        null,
        null
      ]
    },
    "timestamp": 1412087286
  }
}
